<?xml version="1.0" encoding="UTF-8"?>
<!-- Generated by org.testng.reporters.JUnitXMLReporter -->
<testsuite ignored="2" hostname="DESKTOP-QL5DTGM" failures="1" tests="1" name="Test" time="42.174" errors="0" timestamp="2025-02-24T14:29:47 IST">
  <testcase classname="com.comcast.crm.orgtest.CreateOrganisationUsingBaseClassTest" name="createOrgTest" time="15.417">
    <failure type="java.lang.AssertionError" message="The following asserts failed:
	expected [ Oracle_14] but found [[ ACC9183 ] Oracle_14 - Organization Information]">
      <![CDATA[java.lang.AssertionError: The following asserts failed:
expected [ Oracle_14] but found [[ ACC9183 ] Oracle_14 - Organization Information]
at com.comcast.crm.orgtest.CreateOrganisationUsingBaseClassTest.createOrgTest(CreateOrganisationUsingBaseClassTest.java:60)
at java.base/java.util.ArrayList.forEach(ArrayList.java:1597)
... Removed 27 stack frames]]>
    </failure>
  </testcase> <!-- createOrgTest -->
  <testcase classname="com.comcast.crm.orgtest.CreateOrganisationUsingBaseClassTest" name="createOrgwithPhoneNumber" time="0.0">
    <ignored/>
  </testcase> <!-- createOrgwithPhoneNumber -->
  <testcase classname="com.comcast.crm.orgtest.CreateOrganisationUsingBaseClassTest" name="createOrgWIthIndustry" time="0.0">
    <ignored/>
  </testcase> <!-- createOrgWIthIndustry -->
</testsuite> <!-- Test -->
